[debug] [2025-06-06T18:00:26.069Z] ----------------------------------------------------------------------
[debug] [2025-06-06T18:00:26.072Z] Command:       C:\Program Files\nodejs\node.exe C:\Users\izzy\AppData\Roaming\npm\node_modules\firebase-tools\lib\bin\firebase.js deploy --only functions
[debug] [2025-06-06T18:00:26.072Z] CLI Version:   14.1.0
[debug] [2025-06-06T18:00:26.072Z] Platform:      win32
[debug] [2025-06-06T18:00:26.073Z] Node Version:  v22.14.0
[debug] [2025-06-06T18:00:26.073Z] Time:          Fri Jun 06 2025 19:00:26 GMT+0100 (West Africa Standard Time)
[debug] [2025-06-06T18:00:26.073Z] ----------------------------------------------------------------------
[debug] 
[debug] [2025-06-06T18:00:26.339Z] > command requires scopes: ["email","openid","https://www.googleapis.com/auth/cloudplatformprojects.readonly","https://www.googleapis.com/auth/firebase","https://www.googleapis.com/auth/cloud-platform"]
[debug] [2025-06-06T18:00:26.340Z] > authorizing via signed-in user (isl.israelite.official@gmail.com)
[debug] [2025-06-06T18:00:26.340Z] [iam] checking project tradetracker-30ec1 for permissions ["cloudfunctions.functions.create","cloudfunctions.functions.delete","cloudfunctions.functions.get","cloudfunctions.functions.list","cloudfunctions.functions.update","cloudfunctions.operations.get","firebase.projects.get"]
[debug] [2025-06-06T18:00:26.341Z] Checked if tokens are valid: true, expires at: 1749235728197
[debug] [2025-06-06T18:00:26.342Z] Checked if tokens are valid: true, expires at: 1749235728197
[debug] [2025-06-06T18:00:26.343Z] >>> [apiv2][query] POST https://cloudresourcemanager.googleapis.com/v1/projects/tradetracker-30ec1:testIamPermissions [none]
[debug] [2025-06-06T18:00:26.343Z] >>> [apiv2][(partial)header] POST https://cloudresourcemanager.googleapis.com/v1/projects/tradetracker-30ec1:testIamPermissions x-goog-quota-user=projects/tradetracker-30ec1
[debug] [2025-06-06T18:00:26.343Z] >>> [apiv2][body] POST https://cloudresourcemanager.googleapis.com/v1/projects/tradetracker-30ec1:testIamPermissions {"permissions":["cloudfunctions.functions.create","cloudfunctions.functions.delete","cloudfunctions.functions.get","cloudfunctions.functions.list","cloudfunctions.functions.update","cloudfunctions.operations.get","firebase.projects.get"]}
[debug] [2025-06-06T18:00:27.452Z] <<< [apiv2][status] POST https://cloudresourcemanager.googleapis.com/v1/projects/tradetracker-30ec1:testIamPermissions 200
[debug] [2025-06-06T18:00:27.452Z] <<< [apiv2][body] POST https://cloudresourcemanager.googleapis.com/v1/projects/tradetracker-30ec1:testIamPermissions {"permissions":["cloudfunctions.functions.create","cloudfunctions.functions.delete","cloudfunctions.functions.get","cloudfunctions.functions.list","cloudfunctions.functions.update","cloudfunctions.operations.get","firebase.projects.get"]}
[debug] [2025-06-06T18:00:27.452Z] Checked if tokens are valid: true, expires at: 1749235728197
[debug] [2025-06-06T18:00:27.452Z] Checked if tokens are valid: true, expires at: 1749235728197
[debug] [2025-06-06T18:00:27.452Z] >>> [apiv2][query] POST https://iam.googleapis.com/v1/projects/tradetracker-30ec1/serviceAccounts/tradetracker-30ec1@appspot.gserviceaccount.com:testIamPermissions [none]
[debug] [2025-06-06T18:00:27.452Z] >>> [apiv2][body] POST https://iam.googleapis.com/v1/projects/tradetracker-30ec1/serviceAccounts/tradetracker-30ec1@appspot.gserviceaccount.com:testIamPermissions {"permissions":["iam.serviceAccounts.actAs"]}
[debug] [2025-06-06T18:00:28.437Z] <<< [apiv2][status] POST https://iam.googleapis.com/v1/projects/tradetracker-30ec1/serviceAccounts/tradetracker-30ec1@appspot.gserviceaccount.com:testIamPermissions 200
[debug] [2025-06-06T18:00:28.437Z] <<< [apiv2][body] POST https://iam.googleapis.com/v1/projects/tradetracker-30ec1/serviceAccounts/tradetracker-30ec1@appspot.gserviceaccount.com:testIamPermissions {"permissions":["iam.serviceAccounts.actAs"]}
[info] 
[info] === Deploying to 'tradetracker-30ec1'...
[info] 
[info] i  deploying functions 
[debug] [2025-06-06T18:00:28.441Z] Checked if tokens are valid: true, expires at: 1749235728197
[debug] [2025-06-06T18:00:28.441Z] Checked if tokens are valid: true, expires at: 1749235728197
[debug] [2025-06-06T18:00:28.441Z] >>> [apiv2][query] GET https://cloudresourcemanager.googleapis.com/v1/projects/tradetracker-30ec1 [none]
[debug] [2025-06-06T18:00:28.750Z] <<< [apiv2][status] GET https://cloudresourcemanager.googleapis.com/v1/projects/tradetracker-30ec1 200
[debug] [2025-06-06T18:00:28.750Z] <<< [apiv2][body] GET https://cloudresourcemanager.googleapis.com/v1/projects/tradetracker-30ec1 {"projectNumber":"89378078918","projectId":"tradetracker-30ec1","lifecycleState":"ACTIVE","name":"TradeTracker","labels":{"firebase":"enabled","firebase-core":"disabled"},"createTime":"2025-04-09T10:10:50.641897Z"}
[info] i  functions: preparing codebase default for deployment 
[info] i  functions: ensuring required API cloudfunctions.googleapis.com is enabled... 
[debug] [2025-06-06T18:00:28.752Z] Checked if tokens are valid: true, expires at: 1749235728197
[debug] [2025-06-06T18:00:28.752Z] Checked if tokens are valid: true, expires at: 1749235728197
[debug] [2025-06-06T18:00:28.752Z] Checked if tokens are valid: true, expires at: 1749235728197
[debug] [2025-06-06T18:00:28.752Z] Checked if tokens are valid: true, expires at: 1749235728197
[info] i  functions: ensuring required API cloudbuild.googleapis.com is enabled... 
[debug] [2025-06-06T18:00:28.753Z] Checked if tokens are valid: true, expires at: 1749235728197
[debug] [2025-06-06T18:00:28.753Z] Checked if tokens are valid: true, expires at: 1749235728197
[info] i  artifactregistry: ensuring required API artifactregistry.googleapis.com is enabled... 
[debug] [2025-06-06T18:00:28.754Z] Checked if tokens are valid: true, expires at: 1749235728197
[debug] [2025-06-06T18:00:28.754Z] Checked if tokens are valid: true, expires at: 1749235728197
[debug] [2025-06-06T18:00:28.754Z] >>> [apiv2][query] GET https://serviceusage.googleapis.com/v1/projects/tradetracker-30ec1/services/cloudfunctions.googleapis.com [none]
[debug] [2025-06-06T18:00:28.754Z] >>> [apiv2][(partial)header] GET https://serviceusage.googleapis.com/v1/projects/tradetracker-30ec1/services/cloudfunctions.googleapis.com x-goog-quota-user=projects/tradetracker-30ec1
[debug] [2025-06-06T18:00:28.755Z] >>> [apiv2][query] GET https://serviceusage.googleapis.com/v1/projects/tradetracker-30ec1/services/runtimeconfig.googleapis.com [none]
[debug] [2025-06-06T18:00:28.755Z] >>> [apiv2][(partial)header] GET https://serviceusage.googleapis.com/v1/projects/tradetracker-30ec1/services/runtimeconfig.googleapis.com x-goog-quota-user=projects/tradetracker-30ec1
[debug] [2025-06-06T18:00:28.756Z] >>> [apiv2][query] GET https://serviceusage.googleapis.com/v1/projects/tradetracker-30ec1/services/cloudbuild.googleapis.com [none]
[debug] [2025-06-06T18:00:28.756Z] >>> [apiv2][(partial)header] GET https://serviceusage.googleapis.com/v1/projects/tradetracker-30ec1/services/cloudbuild.googleapis.com x-goog-quota-user=projects/tradetracker-30ec1
[debug] [2025-06-06T18:00:28.757Z] >>> [apiv2][query] GET https://serviceusage.googleapis.com/v1/projects/tradetracker-30ec1/services/artifactregistry.googleapis.com [none]
[debug] [2025-06-06T18:00:28.757Z] >>> [apiv2][(partial)header] GET https://serviceusage.googleapis.com/v1/projects/tradetracker-30ec1/services/artifactregistry.googleapis.com x-goog-quota-user=projects/tradetracker-30ec1
[debug] [2025-06-06T18:00:30.025Z] <<< [apiv2][status] GET https://serviceusage.googleapis.com/v1/projects/tradetracker-30ec1/services/cloudbuild.googleapis.com 200
[debug] [2025-06-06T18:00:30.025Z] <<< [apiv2][body] GET https://serviceusage.googleapis.com/v1/projects/tradetracker-30ec1/services/cloudbuild.googleapis.com [omitted]
[info] +  functions: required API cloudbuild.googleapis.com is enabled 
[debug] [2025-06-06T18:00:30.038Z] <<< [apiv2][status] GET https://serviceusage.googleapis.com/v1/projects/tradetracker-30ec1/services/runtimeconfig.googleapis.com 200
[debug] [2025-06-06T18:00:30.038Z] <<< [apiv2][body] GET https://serviceusage.googleapis.com/v1/projects/tradetracker-30ec1/services/runtimeconfig.googleapis.com [omitted]
[debug] [2025-06-06T18:00:30.043Z] <<< [apiv2][status] GET https://serviceusage.googleapis.com/v1/projects/tradetracker-30ec1/services/cloudfunctions.googleapis.com 200
[debug] [2025-06-06T18:00:30.043Z] <<< [apiv2][body] GET https://serviceusage.googleapis.com/v1/projects/tradetracker-30ec1/services/cloudfunctions.googleapis.com [omitted]
[info] +  functions: required API cloudfunctions.googleapis.com is enabled 
[debug] [2025-06-06T18:00:30.046Z] <<< [apiv2][status] GET https://serviceusage.googleapis.com/v1/projects/tradetracker-30ec1/services/artifactregistry.googleapis.com 200
[debug] [2025-06-06T18:00:30.046Z] <<< [apiv2][body] GET https://serviceusage.googleapis.com/v1/projects/tradetracker-30ec1/services/artifactregistry.googleapis.com [omitted]
[info] +  artifactregistry: required API artifactregistry.googleapis.com is enabled 
[debug] [2025-06-06T18:00:30.047Z] Checked if tokens are valid: true, expires at: 1749235728197
[debug] [2025-06-06T18:00:30.047Z] Checked if tokens are valid: true, expires at: 1749235728197
[debug] [2025-06-06T18:00:30.047Z] >>> [apiv2][query] GET https://firebase.googleapis.com/v1beta1/projects/tradetracker-30ec1/adminSdkConfig [none]
[debug] [2025-06-06T18:00:31.060Z] <<< [apiv2][status] GET https://firebase.googleapis.com/v1beta1/projects/tradetracker-30ec1/adminSdkConfig 200
[debug] [2025-06-06T18:00:31.060Z] <<< [apiv2][body] GET https://firebase.googleapis.com/v1beta1/projects/tradetracker-30ec1/adminSdkConfig {"projectId":"tradetracker-30ec1","storageBucket":"tradetracker-30ec1.firebasestorage.app"}
[debug] [2025-06-06T18:00:31.060Z] Checked if tokens are valid: true, expires at: 1749235728197
[debug] [2025-06-06T18:00:31.060Z] Checked if tokens are valid: true, expires at: 1749235728197
[debug] [2025-06-06T18:00:31.060Z] >>> [apiv2][query] GET https://runtimeconfig.googleapis.com/v1beta1/projects/tradetracker-30ec1/configs [none]
[debug] [2025-06-06T18:00:31.793Z] <<< [apiv2][status] GET https://runtimeconfig.googleapis.com/v1beta1/projects/tradetracker-30ec1/configs 200
[debug] [2025-06-06T18:00:31.793Z] <<< [apiv2][body] GET https://runtimeconfig.googleapis.com/v1beta1/projects/tradetracker-30ec1/configs {}
[debug] [2025-06-06T18:00:31.794Z] Validating nodejs source
[warn] !  functions: Runtime Node.js 18 was deprecated on 2025-04-30 and will be decommissioned on 2025-10-31, after which you will not be able to deploy without upgrading. Consider upgrading now to avoid disruption. See https://cloud.google.com/functions/docs/runtime-support for full details on the lifecycle policy 
[warn] !  functions: package.json indicates an outdated version of firebase-functions. Please upgrade using npm install --save firebase-functions@latest in your functions directory. 
[warn] !  functions: Please note that there will be breaking changes when you upgrade. 
[debug] [2025-06-06T18:00:33.511Z] > [functions] package.json contents: {
  "name": "functions",
  "scripts": {
    "build": "tsc",
    "serve": "npm run build && firebase emulators:start --only functions",
    "shell": "npm run build && firebase functions:shell",
    "start": "npm run shell",
    "deploy": "firebase deploy --only functions",
    "logs": "firebase functions:log"
  },
  "engines": {
    "node": "18"
  },
  "main": "lib/index.js",
  "dependencies": {
    "firebase-admin": "^11.11.1",
    "firebase-functions": "^4.9.0"
  },
  "devDependencies": {
    "typescript": "^4.9.0"
  },
  "private": true
}
[debug] [2025-06-06T18:00:33.511Z] Building nodejs source
[info] i  functions: Loading and analyzing source code for codebase default to determine what to deploy 
[info] i  functions: You are using a version of firebase-functions SDK (4.9.0) that does not have support for the newest Firebase Extensions features. Please update firebase-functions SDK to >=5.1.0 to use them correctly 
[debug] [2025-06-06T18:00:33.513Z] Could not find functions.yaml. Must use http discovery
[debug] [2025-06-06T18:00:33.522Z] Found firebase-functions binary at 'G:\Projects\trade-tracker\functions\node_modules\.bin\firebase-functions'
[info] Serving at port 8631

[debug] [2025-06-06T18:00:34.289Z] Got response from /__/functions.yaml {"endpoints":{"onTradeChanged":{"platform":"gcfv1","availableMemoryMb":null,"timeoutSeconds":null,"minInstances":null,"maxInstances":null,"ingressSettings":null,"serviceAccountEmail":null,"vpc":null,"eventTrigger":{"eventType":"providers/cloud.firestore/eventTypes/document.update","eventFilters":{"resource":"projects/tradetracker-30ec1/databases/(default)/documents/calendars/{calendarId}/years/{yearId}"},"retry":false},"labels":{},"entryPoint":"onTradeChanged"},"cleanupDeletedCalendar":{"platform":"gcfv1","availableMemoryMb":null,"timeoutSeconds":null,"minInstances":null,"maxInstances":null,"ingressSettings":null,"serviceAccountEmail":null,"vpc":null,"eventTrigger":{"eventType":"providers/cloud.firestore/eventTypes/document.delete","eventFilters":{"resource":"projects/tradetracker-30ec1/databases/(default)/documents/calendars/{calendarId}"},"retry":false},"labels":{},"entryPoint":"cleanupDeletedCalendar"},"updateTag":{"platform":"gcfv1","availableMemoryMb":null,"timeoutSeconds":null,"minInstances":null,"maxInstances":null,"ingressSettings":null,"serviceAccountEmail":null,"vpc":null,"httpsTrigger":{},"entryPoint":"updateTag"},"maintainCalendarTags":{"platform":"gcfv1","availableMemoryMb":null,"timeoutSeconds":null,"minInstances":null,"maxInstances":null,"ingressSettings":null,"serviceAccountEmail":null,"vpc":null,"eventTrigger":{"eventType":"providers/cloud.firestore/eventTypes/document.write","eventFilters":{"resource":"projects/tradetracker-30ec1/databases/(default)/documents/calendars/{calendarId}/years/{yearId}"},"retry":false},"labels":{},"entryPoint":"maintainCalendarTags"}},"specVersion":"v1alpha1","requiredAPIs":[]}
[info] i  functions: preparing functions directory for uploading... 
[info] i  functions: packaged G:\Projects\trade-tracker\functions (55.08 KB) for uploading 
[debug] [2025-06-06T18:00:38.381Z] Checked if tokens are valid: true, expires at: 1749235728197
[debug] [2025-06-06T18:00:38.382Z] Checked if tokens are valid: true, expires at: 1749235728197
[debug] [2025-06-06T18:00:38.382Z] >>> [apiv2][query] GET https://cloudfunctions.googleapis.com/v1/projects/tradetracker-30ec1/locations/-/functions [none]
[debug] [2025-06-06T18:00:39.459Z] <<< [apiv2][status] GET https://cloudfunctions.googleapis.com/v1/projects/tradetracker-30ec1/locations/-/functions 200
[debug] [2025-06-06T18:00:39.460Z] <<< [apiv2][body] GET https://cloudfunctions.googleapis.com/v1/projects/tradetracker-30ec1/locations/-/functions {"functions":[{"name":"projects/tradetracker-30ec1/locations/us-central1/functions/onTradeChanged","eventTrigger":{"eventType":"providers/cloud.firestore/eventTypes/document.update","resource":"projects/tradetracker-30ec1/databases/(default)/documents/calendars/{calendarId}/years/{yearId}","service":"firestore.googleapis.com","failurePolicy":{}},"status":"ACTIVE","entryPoint":"onTradeChanged","timeout":"60s","availableMemoryMb":256,"serviceAccountEmail":"tradetracker-30ec1@appspot.gserviceaccount.com","updateTime":"2025-06-06T17:50:25.617Z","versionId":"3","labels":{"deployment-tool":"cli-firebase","firebase-functions-hash":"9c712c7d6384d594056a0056e7105dfcf22dce45"},"sourceUploadUrl":"https://storage.googleapis.com/uploads-1055709446093.us-central1.cloudfunctions.appspot.com/778a2bed-8a64-48cc-927f-8e10f07bc578.zip","environmentVariables":{"FIREBASE_CONFIG":"{\"projectId\":\"tradetracker-30ec1\",\"storageBucket\":\"tradetracker-30ec1.firebasestorage.app\"}","GCLOUD_PROJECT":"tradetracker-30ec1","EVENTARC_CLOUD_EVENT_SOURCE":"projects/tradetracker-30ec1/locations/us-central1/functions/onTradeChanged"},"runtime":"nodejs18","maxInstances":3000,"ingressSettings":"ALLOW_ALL","buildId":"98a69c28-03e4-4c11-8044-6a0b4ff75b22","buildEnvironmentVariables":{"GOOGLE_NODE_RUN_SCRIPTS":""},"buildName":"projects/89378078918/locations/us-central1/builds/98a69c28-03e4-4c11-8044-6a0b4ff75b22","dockerRegistry":"ARTIFACT_REGISTRY","automaticUpdatePolicy":{},"buildServiceAccount":"projects/tradetracker-30ec1/serviceAccounts/89378078918-compute@developer.gserviceaccount.com","satisfiesPzi":true},{"name":"projects/tradetracker-30ec1/locations/us-central1/functions/cleanupDeletedCalendar","eventTrigger":{"eventType":"providers/cloud.firestore/eventTypes/document.delete","resource":"projects/tradetracker-30ec1/databases/(default)/documents/calendars/{calendarId}","service":"firestore.googleapis.com","failurePolicy":{}},"status":"ACTIVE","entryPoint":"cleanupDeletedCalendar","timeout":"60s","availableMemoryMb":256,"serviceAccountEmail":"tradetracker-30ec1@appspot.gserviceaccount.com","updateTime":"2025-06-06T17:50:25.364Z","versionId":"5","labels":{"deployment-tool":"cli-firebase","firebase-functions-hash":"9c712c7d6384d594056a0056e7105dfcf22dce45"},"sourceUploadUrl":"https://storage.googleapis.com/uploads-1055709446093.us-central1.cloudfunctions.appspot.com/778a2bed-8a64-48cc-927f-8e10f07bc578.zip","environmentVariables":{"FIREBASE_CONFIG":"{\"projectId\":\"tradetracker-30ec1\",\"storageBucket\":\"tradetracker-30ec1.firebasestorage.app\"}","GCLOUD_PROJECT":"tradetracker-30ec1","EVENTARC_CLOUD_EVENT_SOURCE":"projects/tradetracker-30ec1/locations/us-central1/functions/cleanupDeletedCalendar"},"runtime":"nodejs18","maxInstances":3000,"ingressSettings":"ALLOW_ALL","buildId":"98a69c28-03e4-4c11-8044-6a0b4ff75b22","buildEnvironmentVariables":{"GOOGLE_NODE_RUN_SCRIPTS":""},"buildName":"projects/89378078918/locations/us-central1/builds/98a69c28-03e4-4c11-8044-6a0b4ff75b22","dockerRegistry":"ARTIFACT_REGISTRY","automaticUpdatePolicy":{},"buildServiceAccount":"projects/tradetracker-30ec1/serviceAccounts/89378078918-compute@developer.gserviceaccount.com","satisfiesPzi":true},{"name":"projects/tradetracker-30ec1/locations/us-central1/functions/updateTag","httpsTrigger":{"url":"https://us-central1-tradetracker-30ec1.cloudfunctions.net/updateTag","securityLevel":"SECURE_ALWAYS"},"status":"ACTIVE","entryPoint":"updateTag","timeout":"60s","availableMemoryMb":256,"serviceAccountEmail":"tradetracker-30ec1@appspot.gserviceaccount.com","updateTime":"2025-06-06T17:50:26.330Z","versionId":"3","labels":{"deployment-tool":"cli-firebase","firebase-functions-hash":"9c712c7d6384d594056a0056e7105dfcf22dce45"},"sourceUploadUrl":"https://storage.googleapis.com/uploads-1055709446093.us-central1.cloudfunctions.appspot.com/778a2bed-8a64-48cc-927f-8e10f07bc578.zip","environmentVariables":{"FIREBASE_CONFIG":"{\"projectId\":\"tradetracker-30ec1\",\"storageBucket\":\"tradetracker-30ec1.firebasestorage.app\"}","GCLOUD_PROJECT":"tradetracker-30ec1","EVENTARC_CLOUD_EVENT_SOURCE":"projects/tradetracker-30ec1/locations/us-central1/functions/updateTag"},"runtime":"nodejs18","ingressSettings":"ALLOW_ALL","buildId":"98a69c28-03e4-4c11-8044-6a0b4ff75b22","buildEnvironmentVariables":{"GOOGLE_NODE_RUN_SCRIPTS":""},"buildName":"projects/89378078918/locations/us-central1/builds/98a69c28-03e4-4c11-8044-6a0b4ff75b22","dockerRegistry":"ARTIFACT_REGISTRY","automaticUpdatePolicy":{},"buildServiceAccount":"projects/tradetracker-30ec1/serviceAccounts/89378078918-compute@developer.gserviceaccount.com","satisfiesPzi":true}]}
[debug] [2025-06-06T18:00:39.460Z] Checked if tokens are valid: true, expires at: 1749235728197
[debug] [2025-06-06T18:00:39.460Z] Checked if tokens are valid: true, expires at: 1749235728197
[debug] [2025-06-06T18:00:39.461Z] >>> [apiv2][query] GET https://cloudfunctions.googleapis.com/v2/projects/tradetracker-30ec1/locations/-/functions filter=environment%3D%22GEN_2%22
[debug] [2025-06-06T18:00:40.507Z] <<< [apiv2][status] GET https://cloudfunctions.googleapis.com/v2/projects/tradetracker-30ec1/locations/-/functions 200
[debug] [2025-06-06T18:00:40.507Z] <<< [apiv2][body] GET https://cloudfunctions.googleapis.com/v2/projects/tradetracker-30ec1/locations/-/functions {}
[debug] [2025-06-06T18:00:40.511Z] Checked if tokens are valid: true, expires at: 1749235728197
[debug] [2025-06-06T18:00:40.511Z] Checked if tokens are valid: true, expires at: 1749235728197
[debug] [2025-06-06T18:00:40.511Z] >>> [apiv2][query] GET https://cloudresourcemanager.googleapis.com/v1/projects/tradetracker-30ec1 [none]
[debug] [2025-06-06T18:00:41.551Z] <<< [apiv2][status] GET https://cloudresourcemanager.googleapis.com/v1/projects/tradetracker-30ec1 200
[debug] [2025-06-06T18:00:41.551Z] <<< [apiv2][body] GET https://cloudresourcemanager.googleapis.com/v1/projects/tradetracker-30ec1 {"projectNumber":"89378078918","projectId":"tradetracker-30ec1","lifecycleState":"ACTIVE","name":"TradeTracker","labels":{"firebase":"enabled","firebase-core":"disabled"},"createTime":"2025-04-09T10:10:50.641897Z"}
[debug] [2025-06-06T18:00:41.553Z] Checked if tokens are valid: true, expires at: 1749235728197
[debug] [2025-06-06T18:00:41.554Z] Checked if tokens are valid: true, expires at: 1749235728197
[debug] [2025-06-06T18:00:41.554Z] >>> [apiv2][query] POST https://cloudfunctions.googleapis.com/v1/projects/tradetracker-30ec1/locations/us-central1/functions:generateUploadUrl [none]
[debug] [2025-06-06T18:00:41.554Z] >>> [apiv2][body] POST https://cloudfunctions.googleapis.com/v1/projects/tradetracker-30ec1/locations/us-central1/functions:generateUploadUrl {}
[debug] [2025-06-06T18:00:42.250Z] <<< [apiv2][status] POST https://cloudfunctions.googleapis.com/v1/projects/tradetracker-30ec1/locations/us-central1/functions:generateUploadUrl 200
[debug] [2025-06-06T18:00:42.250Z] <<< [apiv2][body] POST https://cloudfunctions.googleapis.com/v1/projects/tradetracker-30ec1/locations/us-central1/functions:generateUploadUrl {"uploadUrl":"https://storage.googleapis.com/uploads-1055709446093.us-central1.cloudfunctions.appspot.com/7f90bc4e-bcf7-4405-b6e6-8e89e0883504.zip?GoogleAccessId=service-89378078918@gcf-admin-robot.iam.gserviceaccount.com&Expires=1749234642&Signature=S1%2BzsNIFSVEayyZULyUfwwt4tsoK7LKQdxjkhhEvBSsEYive0lqeZ0T07xVZN4DdyyM01u4578QS0VElXbAblLk9NmxjxddfWGOg26So3RhZS4PABCNc7ILMhR4x9FgX%2BcQN5cb6tWwbKiNghWFjKFI7jODK1Yp77Att0uVcstICQZHbYidYxWauu%2B7zb8IAbB4NEKn293rCujCVVN2mue9BrRF7BJ%2Bxl9CUwFSdQ02t6KArCTnPWnTRt%2B%2Bfqe6HGvlXLepex8dfSZyGB0A%2BzO%2BzyTp3L63r3reEnuJs8stfjL7j4VTsYFY1BktVzKPVljd%2FeXmx2r34msUl38SfIg%3D%3D"}
[debug] [2025-06-06T18:00:42.250Z] >>> [apiv2][query] PUT https://storage.googleapis.com/uploads-1055709446093.us-central1.cloudfunctions.appspot.com/7f90bc4e-bcf7-4405-b6e6-8e89e0883504.zip GoogleAccessId=service-89378078918%40gcf-admin-robot.iam.gserviceaccount.com&Expires=1749234642&Signature=S1%2BzsNIFSVEayyZULyUfwwt4tsoK7LKQdxjkhhEvBSsEYive0lqeZ0T07xVZN4DdyyM01u4578QS0VElXbAblLk9NmxjxddfWGOg26So3RhZS4PABCNc7ILMhR4x9FgX%2BcQN5cb6tWwbKiNghWFjKFI7jODK1Yp77Att0uVcstICQZHbYidYxWauu%2B7zb8IAbB4NEKn293rCujCVVN2mue9BrRF7BJ%2Bxl9CUwFSdQ02t6KArCTnPWnTRt%2B%2Bfqe6HGvlXLepex8dfSZyGB0A%2BzO%2BzyTp3L63r3reEnuJs8stfjL7j4VTsYFY1BktVzKPVljd%2FeXmx2r34msUl38SfIg%3D%3D
[debug] [2025-06-06T18:00:42.250Z] >>> [apiv2][body] PUT https://storage.googleapis.com/uploads-1055709446093.us-central1.cloudfunctions.appspot.com/7f90bc4e-bcf7-4405-b6e6-8e89e0883504.zip [stream]
[debug] [2025-06-06T18:00:43.954Z] <<< [apiv2][status] PUT https://storage.googleapis.com/uploads-1055709446093.us-central1.cloudfunctions.appspot.com/7f90bc4e-bcf7-4405-b6e6-8e89e0883504.zip 200
[debug] [2025-06-06T18:00:43.954Z] <<< [apiv2][body] PUT https://storage.googleapis.com/uploads-1055709446093.us-central1.cloudfunctions.appspot.com/7f90bc4e-bcf7-4405-b6e6-8e89e0883504.zip [omitted]
[info] +  functions: functions folder uploaded successfully 
[info] i  functions: creating Node.js 18 (1st Gen) function maintainCalendarTags(us-central1)... 
[info] i  functions: updating Node.js 18 (1st Gen) function onTradeChanged(us-central1)... 
[info] i  functions: updating Node.js 18 (1st Gen) function cleanupDeletedCalendar(us-central1)... 
[info] i  functions: updating Node.js 18 (1st Gen) function updateTag(us-central1)... 
[debug] [2025-06-06T18:00:43.962Z] Checked if tokens are valid: true, expires at: 1749235728197
[debug] [2025-06-06T18:00:43.963Z] Checked if tokens are valid: true, expires at: 1749235728197
[debug] [2025-06-06T18:00:43.963Z] >>> [apiv2][query] POST https://cloudfunctions.googleapis.com/v1/projects/tradetracker-30ec1/locations/us-central1/functions [none]
[debug] [2025-06-06T18:00:43.963Z] >>> [apiv2][body] POST https://cloudfunctions.googleapis.com/v1/projects/tradetracker-30ec1/locations/us-central1/functions {"name":"projects/tradetracker-30ec1/locations/us-central1/functions/maintainCalendarTags","sourceUploadUrl":"https://storage.googleapis.com/uploads-1055709446093.us-central1.cloudfunctions.appspot.com/7f90bc4e-bcf7-4405-b6e6-8e89e0883504.zip?GoogleAccessId=service-89378078918@gcf-admin-robot.iam.gserviceaccount.com&Expires=1749234642&Signature=S1%2BzsNIFSVEayyZULyUfwwt4tsoK7LKQdxjkhhEvBSsEYive0lqeZ0T07xVZN4DdyyM01u4578QS0VElXbAblLk9NmxjxddfWGOg26So3RhZS4PABCNc7ILMhR4x9FgX%2BcQN5cb6tWwbKiNghWFjKFI7jODK1Yp77Att0uVcstICQZHbYidYxWauu%2B7zb8IAbB4NEKn293rCujCVVN2mue9BrRF7BJ%2Bxl9CUwFSdQ02t6KArCTnPWnTRt%2B%2Bfqe6HGvlXLepex8dfSZyGB0A%2BzO%2BzyTp3L63r3reEnuJs8stfjL7j4VTsYFY1BktVzKPVljd%2FeXmx2r34msUl38SfIg%3D%3D","entryPoint":"maintainCalendarTags","runtime":"nodejs18","dockerRegistry":"ARTIFACT_REGISTRY","labels":{"deployment-tool":"cli-firebase","firebase-functions-hash":"bd7016dc798271779ff3ef19a0c6887f354dc445"},"eventTrigger":{"eventType":"providers/cloud.firestore/eventTypes/document.write","resource":"projects/tradetracker-30ec1/databases/(default)/documents/calendars/{calendarId}/years/{yearId}"},"minInstances":null,"maxInstances":null,"ingressSettings":null,"environmentVariables":{"FIREBASE_CONFIG":"{\"projectId\":\"tradetracker-30ec1\",\"storageBucket\":\"tradetracker-30ec1.firebasestorage.app\"}","GCLOUD_PROJECT":"tradetracker-30ec1","EVENTARC_CLOUD_EVENT_SOURCE":"projects/tradetracker-30ec1/locations/us-central1/functions/maintainCalendarTags"},"serviceAccountEmail":null,"availableMemoryMb":null,"timeout":null,"vpcConnector":null,"vpcConnectorEgressSettings":null,"buildEnvironmentVariables":{"GOOGLE_NODE_RUN_SCRIPTS":""}}
[debug] [2025-06-06T18:00:44.770Z] <<< [apiv2][status] POST https://cloudfunctions.googleapis.com/v1/projects/tradetracker-30ec1/locations/us-central1/functions 200
[debug] [2025-06-06T18:00:44.770Z] <<< [apiv2][body] POST https://cloudfunctions.googleapis.com/v1/projects/tradetracker-30ec1/locations/us-central1/functions {"name":"operations/cHJvamVjdHMvdHJhZGV0cmFja2VyLTMwZWMxL2xvY2F0aW9ucy91cy1jZW50cmFsMS9vcGVyYXRpb25zL29wZXJhdGlvbi0xNzQ5MjMyODQ0MjczLTYzNmViMDI0ZmY1ZDQtYjFiZTU0MTgtMDA3YjVkMGM","metadata":{"@type":"type.googleapis.com/google.cloud.functions.v1.OperationMetadataV1","target":"projects/tradetracker-30ec1/locations/us-central1/functions/maintainCalendarTags","updateTime":"2025-06-06T18:00:44.682218293Z"}}
[debug] [2025-06-06T18:00:44.770Z] Checked if tokens are valid: true, expires at: 1749235728197
[debug] [2025-06-06T18:00:44.770Z] Checked if tokens are valid: true, expires at: 1749235728197
[debug] [2025-06-06T18:00:44.770Z] >>> [apiv2][query] GET https://cloudfunctions.googleapis.com/v1/operations/cHJvamVjdHMvdHJhZGV0cmFja2VyLTMwZWMxL2xvY2F0aW9ucy91cy1jZW50cmFsMS9vcGVyYXRpb25zL29wZXJhdGlvbi0xNzQ5MjMyODQ0MjczLTYzNmViMDI0ZmY1ZDQtYjFiZTU0MTgtMDA3YjVkMGM [none]
[debug] [2025-06-06T18:00:45.094Z] <<< [apiv2][status] GET https://cloudfunctions.googleapis.com/v1/operations/cHJvamVjdHMvdHJhZGV0cmFja2VyLTMwZWMxL2xvY2F0aW9ucy91cy1jZW50cmFsMS9vcGVyYXRpb25zL29wZXJhdGlvbi0xNzQ5MjMyODQ0MjczLTYzNmViMDI0ZmY1ZDQtYjFiZTU0MTgtMDA3YjVkMGM 200
[debug] [2025-06-06T18:00:45.094Z] <<< [apiv2][body] GET https://cloudfunctions.googleapis.com/v1/operations/cHJvamVjdHMvdHJhZGV0cmFja2VyLTMwZWMxL2xvY2F0aW9ucy91cy1jZW50cmFsMS9vcGVyYXRpb25zL29wZXJhdGlvbi0xNzQ5MjMyODQ0MjczLTYzNmViMDI0ZmY1ZDQtYjFiZTU0MTgtMDA3YjVkMGM {"name":"operations/cHJvamVjdHMvdHJhZGV0cmFja2VyLTMwZWMxL2xvY2F0aW9ucy91cy1jZW50cmFsMS9vcGVyYXRpb25zL29wZXJhdGlvbi0xNzQ5MjMyODQ0MjczLTYzNmViMDI0ZmY1ZDQtYjFiZTU0MTgtMDA3YjVkMGM","metadata":{"@type":"type.googleapis.com/google.cloud.functions.v1.OperationMetadataV1","target":"projects/tradetracker-30ec1/locations/us-central1/functions/maintainCalendarTags","updateTime":"2025-06-06T18:00:44.682218293Z"}}
[debug] [2025-06-06T18:00:45.594Z] [create-default-us-central1-maintainCalendarTags] Retrying task index 0
[debug] [2025-06-06T18:00:45.595Z] Checked if tokens are valid: true, expires at: 1749235728197
[debug] [2025-06-06T18:00:45.595Z] Checked if tokens are valid: true, expires at: 1749235728197
[debug] [2025-06-06T18:00:45.595Z] >>> [apiv2][query] GET https://cloudfunctions.googleapis.com/v1/operations/cHJvamVjdHMvdHJhZGV0cmFja2VyLTMwZWMxL2xvY2F0aW9ucy91cy1jZW50cmFsMS9vcGVyYXRpb25zL29wZXJhdGlvbi0xNzQ5MjMyODQ0MjczLTYzNmViMDI0ZmY1ZDQtYjFiZTU0MTgtMDA3YjVkMGM [none]
[debug] [2025-06-06T18:00:45.922Z] <<< [apiv2][status] GET https://cloudfunctions.googleapis.com/v1/operations/cHJvamVjdHMvdHJhZGV0cmFja2VyLTMwZWMxL2xvY2F0aW9ucy91cy1jZW50cmFsMS9vcGVyYXRpb25zL29wZXJhdGlvbi0xNzQ5MjMyODQ0MjczLTYzNmViMDI0ZmY1ZDQtYjFiZTU0MTgtMDA3YjVkMGM 200
[debug] [2025-06-06T18:00:45.922Z] <<< [apiv2][body] GET https://cloudfunctions.googleapis.com/v1/operations/cHJvamVjdHMvdHJhZGV0cmFja2VyLTMwZWMxL2xvY2F0aW9ucy91cy1jZW50cmFsMS9vcGVyYXRpb25zL29wZXJhdGlvbi0xNzQ5MjMyODQ0MjczLTYzNmViMDI0ZmY1ZDQtYjFiZTU0MTgtMDA3YjVkMGM {"name":"operations/cHJvamVjdHMvdHJhZGV0cmFja2VyLTMwZWMxL2xvY2F0aW9ucy91cy1jZW50cmFsMS9vcGVyYXRpb25zL29wZXJhdGlvbi0xNzQ5MjMyODQ0MjczLTYzNmViMDI0ZmY1ZDQtYjFiZTU0MTgtMDA3YjVkMGM","metadata":{"@type":"type.googleapis.com/google.cloud.functions.v1.OperationMetadataV1","target":"projects/tradetracker-30ec1/locations/us-central1/functions/maintainCalendarTags","type":"CREATE_FUNCTION","request":{"@type":"type.googleapis.com/google.cloud.functions.v1.CloudFunction","name":"projects/tradetracker-30ec1/locations/us-central1/functions/maintainCalendarTags","eventTrigger":{"eventType":"providers/cloud.firestore/eventTypes/document.write","resource":"projects/tradetracker-30ec1/databases/(default)/documents/calendars/{calendarId}/years/{yearId}","failurePolicy":{}},"entryPoint":"maintainCalendarTags","updateTime":"1970-01-01T00:00:00Z","labels":{"deployment-tool":"cli-firebase","firebase-functions-hash":"bd7016dc798271779ff3ef19a0c6887f354dc445"},"sourceUploadUrl":"https://storage.googleapis.com/uploads-1055709446093.us-central1.cloudfunctions.appspot.com/7f90bc4e-bcf7-4405-b6e6-8e89e0883504.zip?GoogleAccessId=service-89378078918@gcf-admin-robot.iam.gserviceaccount.com&Expires=1749234642&Signature=S1%2BzsNIFSVEayyZULyUfwwt4tsoK7LKQdxjkhhEvBSsEYive0lqeZ0T07xVZN4DdyyM01u4578QS0VElXbAblLk9NmxjxddfWGOg26So3RhZS4PABCNc7ILMhR4x9FgX%2BcQN5cb6tWwbKiNghWFjKFI7jODK1Yp77Att0uVcstICQZHbYidYxWauu%2B7zb8IAbB4NEKn293rCujCVVN2mue9BrRF7BJ%2Bxl9CUwFSdQ02t6KArCTnPWnTRt%2B%2Bfqe6HGvlXLepex8dfSZyGB0A%2BzO%2BzyTp3L63r3reEnuJs8stfjL7j4VTsYFY1BktVzKPVljd%2FeXmx2r34msUl38SfIg%3D%3D","environmentVariables":{"FIREBASE_CONFIG":"{\"projectId\":\"tradetracker-30ec1\",\"storageBucket\":\"tradetracker-30ec1.firebasestorage.app\"}","GCLOUD_PROJECT":"tradetracker-30ec1","EVENTARC_CLOUD_EVENT_SOURCE":"projects/tradetracker-30ec1/locations/us-central1/functions/maintainCalendarTags"},"runtime":"nodejs18","buildEnvironmentVariables":{"GOOGLE_NODE_RUN_SCRIPTS":""},"dockerRegistry":"ARTIFACT_REGISTRY"},"versionId":"1","updateTime":"2025-06-06T18:00:44.682218293Z"}}
[debug] [2025-06-06T18:00:46.927Z] [create-default-us-central1-maintainCalendarTags] Retrying task index 0
[debug] [2025-06-06T18:00:46.928Z] Checked if tokens are valid: true, expires at: 1749235728197
[debug] [2025-06-06T18:00:46.928Z] Checked if tokens are valid: true, expires at: 1749235728197
[debug] [2025-06-06T18:00:46.928Z] >>> [apiv2][query] GET https://cloudfunctions.googleapis.com/v1/operations/cHJvamVjdHMvdHJhZGV0cmFja2VyLTMwZWMxL2xvY2F0aW9ucy91cy1jZW50cmFsMS9vcGVyYXRpb25zL29wZXJhdGlvbi0xNzQ5MjMyODQ0MjczLTYzNmViMDI0ZmY1ZDQtYjFiZTU0MTgtMDA3YjVkMGM [none]
[debug] [2025-06-06T18:00:47.235Z] <<< [apiv2][status] GET https://cloudfunctions.googleapis.com/v1/operations/cHJvamVjdHMvdHJhZGV0cmFja2VyLTMwZWMxL2xvY2F0aW9ucy91cy1jZW50cmFsMS9vcGVyYXRpb25zL29wZXJhdGlvbi0xNzQ5MjMyODQ0MjczLTYzNmViMDI0ZmY1ZDQtYjFiZTU0MTgtMDA3YjVkMGM 200
[debug] [2025-06-06T18:00:47.235Z] <<< [apiv2][body] GET https://cloudfunctions.googleapis.com/v1/operations/cHJvamVjdHMvdHJhZGV0cmFja2VyLTMwZWMxL2xvY2F0aW9ucy91cy1jZW50cmFsMS9vcGVyYXRpb25zL29wZXJhdGlvbi0xNzQ5MjMyODQ0MjczLTYzNmViMDI0ZmY1ZDQtYjFiZTU0MTgtMDA3YjVkMGM {"name":"operations/cHJvamVjdHMvdHJhZGV0cmFja2VyLTMwZWMxL2xvY2F0aW9ucy91cy1jZW50cmFsMS9vcGVyYXRpb25zL29wZXJhdGlvbi0xNzQ5MjMyODQ0MjczLTYzNmViMDI0ZmY1ZDQtYjFiZTU0MTgtMDA3YjVkMGM","metadata":{"@type":"type.googleapis.com/google.cloud.functions.v1.OperationMetadataV1","target":"projects/tradetracker-30ec1/locations/us-central1/functions/maintainCalendarTags","type":"CREATE_FUNCTION","request":{"@type":"type.googleapis.com/google.cloud.functions.v1.CloudFunction","name":"projects/tradetracker-30ec1/locations/us-central1/functions/maintainCalendarTags","eventTrigger":{"eventType":"providers/cloud.firestore/eventTypes/document.write","resource":"projects/tradetracker-30ec1/databases/(default)/documents/calendars/{calendarId}/years/{yearId}","failurePolicy":{}},"entryPoint":"maintainCalendarTags","updateTime":"1970-01-01T00:00:00Z","labels":{"deployment-tool":"cli-firebase","firebase-functions-hash":"bd7016dc798271779ff3ef19a0c6887f354dc445"},"sourceUploadUrl":"https://storage.googleapis.com/uploads-1055709446093.us-central1.cloudfunctions.appspot.com/7f90bc4e-bcf7-4405-b6e6-8e89e0883504.zip?GoogleAccessId=service-89378078918@gcf-admin-robot.iam.gserviceaccount.com&Expires=1749234642&Signature=S1%2BzsNIFSVEayyZULyUfwwt4tsoK7LKQdxjkhhEvBSsEYive0lqeZ0T07xVZN4DdyyM01u4578QS0VElXbAblLk9NmxjxddfWGOg26So3RhZS4PABCNc7ILMhR4x9FgX%2BcQN5cb6tWwbKiNghWFjKFI7jODK1Yp77Att0uVcstICQZHbYidYxWauu%2B7zb8IAbB4NEKn293rCujCVVN2mue9BrRF7BJ%2Bxl9CUwFSdQ02t6KArCTnPWnTRt%2B%2Bfqe6HGvlXLepex8dfSZyGB0A%2BzO%2BzyTp3L63r3reEnuJs8stfjL7j4VTsYFY1BktVzKPVljd%2FeXmx2r34msUl38SfIg%3D%3D","environmentVariables":{"FIREBASE_CONFIG":"{\"projectId\":\"tradetracker-30ec1\",\"storageBucket\":\"tradetracker-30ec1.firebasestorage.app\"}","GCLOUD_PROJECT":"tradetracker-30ec1","EVENTARC_CLOUD_EVENT_SOURCE":"projects/tradetracker-30ec1/locations/us-central1/functions/maintainCalendarTags"},"runtime":"nodejs18","buildEnvironmentVariables":{"GOOGLE_NODE_RUN_SCRIPTS":""},"dockerRegistry":"ARTIFACT_REGISTRY"},"versionId":"1","updateTime":"2025-06-06T18:00:44.682218293Z"}}
[debug] [2025-06-06T18:00:49.244Z] [create-default-us-central1-maintainCalendarTags] Retrying task index 0
[debug] [2025-06-06T18:00:49.244Z] Checked if tokens are valid: true, expires at: 1749235728197
[debug] [2025-06-06T18:00:49.244Z] Checked if tokens are valid: true, expires at: 1749235728197
[debug] [2025-06-06T18:00:49.244Z] >>> [apiv2][query] GET https://cloudfunctions.googleapis.com/v1/operations/cHJvamVjdHMvdHJhZGV0cmFja2VyLTMwZWMxL2xvY2F0aW9ucy91cy1jZW50cmFsMS9vcGVyYXRpb25zL29wZXJhdGlvbi0xNzQ5MjMyODQ0MjczLTYzNmViMDI0ZmY1ZDQtYjFiZTU0MTgtMDA3YjVkMGM [none]
[debug] [2025-06-06T18:00:49.574Z] <<< [apiv2][status] GET https://cloudfunctions.googleapis.com/v1/operations/cHJvamVjdHMvdHJhZGV0cmFja2VyLTMwZWMxL2xvY2F0aW9ucy91cy1jZW50cmFsMS9vcGVyYXRpb25zL29wZXJhdGlvbi0xNzQ5MjMyODQ0MjczLTYzNmViMDI0ZmY1ZDQtYjFiZTU0MTgtMDA3YjVkMGM 200
[debug] [2025-06-06T18:00:49.574Z] <<< [apiv2][body] GET https://cloudfunctions.googleapis.com/v1/operations/cHJvamVjdHMvdHJhZGV0cmFja2VyLTMwZWMxL2xvY2F0aW9ucy91cy1jZW50cmFsMS9vcGVyYXRpb25zL29wZXJhdGlvbi0xNzQ5MjMyODQ0MjczLTYzNmViMDI0ZmY1ZDQtYjFiZTU0MTgtMDA3YjVkMGM {"name":"operations/cHJvamVjdHMvdHJhZGV0cmFja2VyLTMwZWMxL2xvY2F0aW9ucy91cy1jZW50cmFsMS9vcGVyYXRpb25zL29wZXJhdGlvbi0xNzQ5MjMyODQ0MjczLTYzNmViMDI0ZmY1ZDQtYjFiZTU0MTgtMDA3YjVkMGM","metadata":{"@type":"type.googleapis.com/google.cloud.functions.v1.OperationMetadataV1","target":"projects/tradetracker-30ec1/locations/us-central1/functions/maintainCalendarTags","type":"CREATE_FUNCTION","request":{"@type":"type.googleapis.com/google.cloud.functions.v1.CloudFunction","name":"projects/tradetracker-30ec1/locations/us-central1/functions/maintainCalendarTags","eventTrigger":{"eventType":"providers/cloud.firestore/eventTypes/document.write","resource":"projects/tradetracker-30ec1/databases/(default)/documents/calendars/{calendarId}/years/{yearId}","failurePolicy":{}},"entryPoint":"maintainCalendarTags","updateTime":"1970-01-01T00:00:00Z","labels":{"deployment-tool":"cli-firebase","firebase-functions-hash":"bd7016dc798271779ff3ef19a0c6887f354dc445"},"sourceUploadUrl":"https://storage.googleapis.com/uploads-1055709446093.us-central1.cloudfunctions.appspot.com/7f90bc4e-bcf7-4405-b6e6-8e89e0883504.zip?GoogleAccessId=service-89378078918@gcf-admin-robot.iam.gserviceaccount.com&Expires=1749234642&Signature=S1%2BzsNIFSVEayyZULyUfwwt4tsoK7LKQdxjkhhEvBSsEYive0lqeZ0T07xVZN4DdyyM01u4578QS0VElXbAblLk9NmxjxddfWGOg26So3RhZS4PABCNc7ILMhR4x9FgX%2BcQN5cb6tWwbKiNghWFjKFI7jODK1Yp77Att0uVcstICQZHbYidYxWauu%2B7zb8IAbB4NEKn293rCujCVVN2mue9BrRF7BJ%2Bxl9CUwFSdQ02t6KArCTnPWnTRt%2B%2Bfqe6HGvlXLepex8dfSZyGB0A%2BzO%2BzyTp3L63r3reEnuJs8stfjL7j4VTsYFY1BktVzKPVljd%2FeXmx2r34msUl38SfIg%3D%3D","environmentVariables":{"FIREBASE_CONFIG":"{\"projectId\":\"tradetracker-30ec1\",\"storageBucket\":\"tradetracker-30ec1.firebasestorage.app\"}","GCLOUD_PROJECT":"tradetracker-30ec1","EVENTARC_CLOUD_EVENT_SOURCE":"projects/tradetracker-30ec1/locations/us-central1/functions/maintainCalendarTags"},"runtime":"nodejs18","buildEnvironmentVariables":{"GOOGLE_NODE_RUN_SCRIPTS":""},"dockerRegistry":"ARTIFACT_REGISTRY"},"versionId":"1","updateTime":"2025-06-06T18:00:44.682218293Z","buildId":"464abb7f-fb26-446e-b155-895ecc9c297a","buildName":"projects/89378078918/locations/us-central1/builds/464abb7f-fb26-446e-b155-895ecc9c297a"}}
[debug] [2025-06-06T18:00:53.576Z] [create-default-us-central1-maintainCalendarTags] Retrying task index 0
[debug] [2025-06-06T18:00:53.577Z] Checked if tokens are valid: true, expires at: 1749235728197
[debug] [2025-06-06T18:00:53.577Z] Checked if tokens are valid: true, expires at: 1749235728197
[debug] [2025-06-06T18:00:53.578Z] >>> [apiv2][query] GET https://cloudfunctions.googleapis.com/v1/operations/cHJvamVjdHMvdHJhZGV0cmFja2VyLTMwZWMxL2xvY2F0aW9ucy91cy1jZW50cmFsMS9vcGVyYXRpb25zL29wZXJhdGlvbi0xNzQ5MjMyODQ0MjczLTYzNmViMDI0ZmY1ZDQtYjFiZTU0MTgtMDA3YjVkMGM [none]
[debug] [2025-06-06T18:00:53.896Z] <<< [apiv2][status] GET https://cloudfunctions.googleapis.com/v1/operations/cHJvamVjdHMvdHJhZGV0cmFja2VyLTMwZWMxL2xvY2F0aW9ucy91cy1jZW50cmFsMS9vcGVyYXRpb25zL29wZXJhdGlvbi0xNzQ5MjMyODQ0MjczLTYzNmViMDI0ZmY1ZDQtYjFiZTU0MTgtMDA3YjVkMGM 200
[debug] [2025-06-06T18:00:53.896Z] <<< [apiv2][body] GET https://cloudfunctions.googleapis.com/v1/operations/cHJvamVjdHMvdHJhZGV0cmFja2VyLTMwZWMxL2xvY2F0aW9ucy91cy1jZW50cmFsMS9vcGVyYXRpb25zL29wZXJhdGlvbi0xNzQ5MjMyODQ0MjczLTYzNmViMDI0ZmY1ZDQtYjFiZTU0MTgtMDA3YjVkMGM {"name":"operations/cHJvamVjdHMvdHJhZGV0cmFja2VyLTMwZWMxL2xvY2F0aW9ucy91cy1jZW50cmFsMS9vcGVyYXRpb25zL29wZXJhdGlvbi0xNzQ5MjMyODQ0MjczLTYzNmViMDI0ZmY1ZDQtYjFiZTU0MTgtMDA3YjVkMGM","metadata":{"@type":"type.googleapis.com/google.cloud.functions.v1.OperationMetadataV1","target":"projects/tradetracker-30ec1/locations/us-central1/functions/maintainCalendarTags","type":"CREATE_FUNCTION","request":{"@type":"type.googleapis.com/google.cloud.functions.v1.CloudFunction","name":"projects/tradetracker-30ec1/locations/us-central1/functions/maintainCalendarTags","eventTrigger":{"eventType":"providers/cloud.firestore/eventTypes/document.write","resource":"projects/tradetracker-30ec1/databases/(default)/documents/calendars/{calendarId}/years/{yearId}","failurePolicy":{}},"entryPoint":"maintainCalendarTags","updateTime":"1970-01-01T00:00:00Z","labels":{"deployment-tool":"cli-firebase","firebase-functions-hash":"bd7016dc798271779ff3ef19a0c6887f354dc445"},"sourceUploadUrl":"https://storage.googleapis.com/uploads-1055709446093.us-central1.cloudfunctions.appspot.com/7f90bc4e-bcf7-4405-b6e6-8e89e0883504.zip?GoogleAccessId=service-89378078918@gcf-admin-robot.iam.gserviceaccount.com&Expires=1749234642&Signature=S1%2BzsNIFSVEayyZULyUfwwt4tsoK7LKQdxjkhhEvBSsEYive0lqeZ0T07xVZN4DdyyM01u4578QS0VElXbAblLk9NmxjxddfWGOg26So3RhZS4PABCNc7ILMhR4x9FgX%2BcQN5cb6tWwbKiNghWFjKFI7jODK1Yp77Att0uVcstICQZHbYidYxWauu%2B7zb8IAbB4NEKn293rCujCVVN2mue9BrRF7BJ%2Bxl9CUwFSdQ02t6KArCTnPWnTRt%2B%2Bfqe6HGvlXLepex8dfSZyGB0A%2BzO%2BzyTp3L63r3reEnuJs8stfjL7j4VTsYFY1BktVzKPVljd%2FeXmx2r34msUl38SfIg%3D%3D","environmentVariables":{"FIREBASE_CONFIG":"{\"projectId\":\"tradetracker-30ec1\",\"storageBucket\":\"tradetracker-30ec1.firebasestorage.app\"}","GCLOUD_PROJECT":"tradetracker-30ec1","EVENTARC_CLOUD_EVENT_SOURCE":"projects/tradetracker-30ec1/locations/us-central1/functions/maintainCalendarTags"},"runtime":"nodejs18","buildEnvironmentVariables":{"GOOGLE_NODE_RUN_SCRIPTS":""},"dockerRegistry":"ARTIFACT_REGISTRY"},"versionId":"1","updateTime":"2025-06-06T18:00:44.682218293Z","buildId":"464abb7f-fb26-446e-b155-895ecc9c297a","buildName":"projects/89378078918/locations/us-central1/builds/464abb7f-fb26-446e-b155-895ecc9c297a"}}
[debug] [2025-06-06T18:01:01.907Z] [create-default-us-central1-maintainCalendarTags] Retrying task index 0
[debug] [2025-06-06T18:01:01.908Z] Checked if tokens are valid: true, expires at: 1749235728197
[debug] [2025-06-06T18:01:01.908Z] Checked if tokens are valid: true, expires at: 1749235728197
[debug] [2025-06-06T18:01:01.908Z] >>> [apiv2][query] GET https://cloudfunctions.googleapis.com/v1/operations/cHJvamVjdHMvdHJhZGV0cmFja2VyLTMwZWMxL2xvY2F0aW9ucy91cy1jZW50cmFsMS9vcGVyYXRpb25zL29wZXJhdGlvbi0xNzQ5MjMyODQ0MjczLTYzNmViMDI0ZmY1ZDQtYjFiZTU0MTgtMDA3YjVkMGM [none]
[debug] [2025-06-06T18:01:02.450Z] <<< [apiv2][status] GET https://cloudfunctions.googleapis.com/v1/operations/cHJvamVjdHMvdHJhZGV0cmFja2VyLTMwZWMxL2xvY2F0aW9ucy91cy1jZW50cmFsMS9vcGVyYXRpb25zL29wZXJhdGlvbi0xNzQ5MjMyODQ0MjczLTYzNmViMDI0ZmY1ZDQtYjFiZTU0MTgtMDA3YjVkMGM 200
[debug] [2025-06-06T18:01:02.450Z] <<< [apiv2][body] GET https://cloudfunctions.googleapis.com/v1/operations/cHJvamVjdHMvdHJhZGV0cmFja2VyLTMwZWMxL2xvY2F0aW9ucy91cy1jZW50cmFsMS9vcGVyYXRpb25zL29wZXJhdGlvbi0xNzQ5MjMyODQ0MjczLTYzNmViMDI0ZmY1ZDQtYjFiZTU0MTgtMDA3YjVkMGM {"name":"operations/cHJvamVjdHMvdHJhZGV0cmFja2VyLTMwZWMxL2xvY2F0aW9ucy91cy1jZW50cmFsMS9vcGVyYXRpb25zL29wZXJhdGlvbi0xNzQ5MjMyODQ0MjczLTYzNmViMDI0ZmY1ZDQtYjFiZTU0MTgtMDA3YjVkMGM","metadata":{"@type":"type.googleapis.com/google.cloud.functions.v1.OperationMetadataV1","target":"projects/tradetracker-30ec1/locations/us-central1/functions/maintainCalendarTags","type":"CREATE_FUNCTION","request":{"@type":"type.googleapis.com/google.cloud.functions.v1.CloudFunction","name":"projects/tradetracker-30ec1/locations/us-central1/functions/maintainCalendarTags","eventTrigger":{"eventType":"providers/cloud.firestore/eventTypes/document.write","resource":"projects/tradetracker-30ec1/databases/(default)/documents/calendars/{calendarId}/years/{yearId}","failurePolicy":{}},"entryPoint":"maintainCalendarTags","updateTime":"1970-01-01T00:00:00Z","labels":{"deployment-tool":"cli-firebase","firebase-functions-hash":"bd7016dc798271779ff3ef19a0c6887f354dc445"},"sourceUploadUrl":"https://storage.googleapis.com/uploads-1055709446093.us-central1.cloudfunctions.appspot.com/7f90bc4e-bcf7-4405-b6e6-8e89e0883504.zip?GoogleAccessId=service-89378078918@gcf-admin-robot.iam.gserviceaccount.com&Expires=1749234642&Signature=S1%2BzsNIFSVEayyZULyUfwwt4tsoK7LKQdxjkhhEvBSsEYive0lqeZ0T07xVZN4DdyyM01u4578QS0VElXbAblLk9NmxjxddfWGOg26So3RhZS4PABCNc7ILMhR4x9FgX%2BcQN5cb6tWwbKiNghWFjKFI7jODK1Yp77Att0uVcstICQZHbYidYxWauu%2B7zb8IAbB4NEKn293rCujCVVN2mue9BrRF7BJ%2Bxl9CUwFSdQ02t6KArCTnPWnTRt%2B%2Bfqe6HGvlXLepex8dfSZyGB0A%2BzO%2BzyTp3L63r3reEnuJs8stfjL7j4VTsYFY1BktVzKPVljd%2FeXmx2r34msUl38SfIg%3D%3D","environmentVariables":{"FIREBASE_CONFIG":"{\"projectId\":\"tradetracker-30ec1\",\"storageBucket\":\"tradetracker-30ec1.firebasestorage.app\"}","GCLOUD_PROJECT":"tradetracker-30ec1","EVENTARC_CLOUD_EVENT_SOURCE":"projects/tradetracker-30ec1/locations/us-central1/functions/maintainCalendarTags"},"runtime":"nodejs18","buildEnvironmentVariables":{"GOOGLE_NODE_RUN_SCRIPTS":""},"dockerRegistry":"ARTIFACT_REGISTRY"},"versionId":"1","updateTime":"2025-06-06T18:00:44.682218293Z","buildId":"464abb7f-fb26-446e-b155-895ecc9c297a","buildName":"projects/89378078918/locations/us-central1/builds/464abb7f-fb26-446e-b155-895ecc9c297a"}}
